#
# There is insufficient memory for the Java Runtime Environment to continue.
# Native memory allocation (malloc) failed to allocate 1048576 bytes for AllocateHeap
# Possible reasons:
#   The system is out of physical RAM or swap space
#   In 32 bit mode, the process size limit was hit
# Possible solutions:
#   Reduce memory load on the system
#   Increase physical memory or swap space
#   Check if swap backing store is full
#   Use 64 bit Java on a 64 bit OS
#   Decrease Java heap size (-Xmx/-Xms)
#   Decrease number of Java threads
#   Decrease Java thread stack sizes (-Xss)
#   Set larger code cache with -XX:ReservedCodeCacheSize=
# This output file may be truncated or incomplete.
#
#  Out of Memory Error (memory/allocation.inline.hpp:61), pid=8256, tid=0x0000000000003bf8
#
# JRE version:  (8.0_144-b01) (build )
# Java VM: Java HotSpot(TM) 64-Bit Server VM (25.144-b01 mixed mode windows-amd64 compressed oops)
# Failed to write core dump. Minidumps are not enabled by default on client versions of Windows
#

---------------  T H R E A D  ---------------

Current thread (0x0000000002f40800):  JavaThread "Unknown thread" [_thread_in_vm, id=15352, stack(0x0000000002e40000,0x0000000002f40000)]

Stack: [0x0000000002e40000,0x0000000002f40000]
[error occurred during error reporting (printing stack bounds), id 0xc0000005]

Native frames: (J=compiled Java code, j=interpreted, Vv=VM code, C=native code)


---------------  P R O C E S S  ---------------

Java Threads: ( => current thread )

Other Threads:

=>0x0000000002f40800 (exited) JavaThread "Unknown thread" [_thread_in_vm, id=15352, stack(0x0000000002e40000,0x0000000002f40000)]

VM state:not at safepoint (normal execution)

VM Mutex/Monitor currently owned by a thread: None

Heap:
 PSYoungGen      total 38400K, used 665K [0x00000000d5d00000, 0x00000000d8780000, 0x0000000100000000)
  eden space 33280K, 2% used [0x00000000d5d00000,0x00000000d5da6670,0x00000000d7d80000)
  from space 5120K, 0% used [0x00000000d8280000,0x00000000d8280000,0x00000000d8780000)
  to   space 5120K, 0% used [0x00000000d7d80000,0x00000000d7d80000,0x00000000d8280000)
 ParOldGen       total 87552K, used 0K [0x0000000081600000, 0x0000000086b80000, 0x00000000d5d00000)
  object space 87552K, 0% used [0x0000000081600000,0x0000000081600000,0x0000000086b80000)
 Metaspace       used 746K, capacity 4480K, committed 4480K, reserved 1056768K
  class space    used 75K, capacity 384K, committed 384K, reserved 1048576K

Card table byte_map: [0x0000000012400000,0x0000000012800000] byte_map_base: 0x0000000011ff5000

Marking Bits: (ParMarkBitMap*) 0x000000005c32d850
 Begin Bits: [0x0000000012eb0000, 0x0000000014e58000)
 End Bits:   [0x0000000014e58000, 0x0000000016e00000)

Polling page: 0x0000000000ff0000

CodeCache: size=245760Kb used=328Kb max_used=328Kb free=245431Kb
 bounds [0x0000000003040000, 0x00000000032b0000, 0x0000000012040000]
 total_blobs=58 nmethods=0 adapters=38
 compilation: enabled

Compilation events (0 events):
No events

GC Heap History (0 events):
No events

Deoptimization events (0 events):
No events

Internal exceptions (0 events):
No events

Events (10 events):
Event: 0.060 loading class java/lang/Short
Event: 0.060 loading class java/lang/Short done
Event: 0.060 loading class java/lang/Integer
Event: 0.060 loading class java/lang/Integer done
Event: 0.060 loading class java/lang/Long
Event: 0.060 loading class java/lang/Long done
Event: 0.061 loading class java/lang/NullPointerException
Event: 0.061 loading class java/lang/NullPointerException done
Event: 0.062 loading class java/lang/ArithmeticException
Event: 0.062 loading class java/lang/ArithmeticException done


Dynamic libraries:
0x00007ff6a9150000 - 0x00007ff6a9187000 	C:\Program Files\Java\jre1.8.0_144\bin\javaw.exe
0x00007fff4e2f0000 - 0x00007fff4e4d1000 	C:\WINDOWS\SYSTEM32\ntdll.dll
0x00007fff4bec0000 - 0x00007fff4bf72000 	C:\WINDOWS\System32\KERNEL32.DLL
0x00007fff4b500000 - 0x00007fff4b773000 	C:\WINDOWS\System32\KERNELBASE.dll
0x00007fff4c710000 - 0x00007fff4c7b1000 	C:\WINDOWS\System32\ADVAPI32.dll
0x00007fff4cc10000 - 0x00007fff4ccae000 	C:\WINDOWS\System32\msvcrt.dll
0x00007fff4c990000 - 0x00007fff4c9eb000 	C:\WINDOWS\System32\sechost.dll
0x00007fff4c860000 - 0x00007fff4c984000 	C:\WINDOWS\System32\RPCRT4.dll
0x00007fff4c3d0000 - 0x00007fff4c560000 	C:\WINDOWS\System32\USER32.dll
0x00007fff4b4e0000 - 0x00007fff4b500000 	C:\WINDOWS\System32\win32u.dll
0x00007fff4c560000 - 0x00007fff4c588000 	C:\WINDOWS\System32\GDI32.dll
0x00007fff4a760000 - 0x00007fff4a8f2000 	C:\WINDOWS\System32\gdi32full.dll
0x00007fff4a6c0000 - 0x00007fff4a75f000 	C:\WINDOWS\System32\msvcp_win.dll
0x00007fff4ac20000 - 0x00007fff4ad1a000 	C:\WINDOWS\System32\ucrtbase.dll
0x00007fff35ac0000 - 0x00007fff35d29000 	C:\WINDOWS\WinSxS\amd64_microsoft.windows.common-controls_6595b64144ccf1df_6.0.17134.345_none_fb429a5930656358\COMCTL32.dll
0x00007fff4b950000 - 0x00007fff4bc73000 	C:\WINDOWS\System32\combase.dll
0x00007fff4a900000 - 0x00007fff4a97a000 	C:\WINDOWS\System32\bcryptPrimitives.dll
0x00007fff4b920000 - 0x00007fff4b94d000 	C:\WINDOWS\System32\IMM32.DLL
0x000000005c520000 - 0x000000005c5f2000 	C:\Program Files\Java\jre1.8.0_144\bin\msvcr100.dll
0x000000005bb10000 - 0x000000005c3ad000 	C:\Program Files\Java\jre1.8.0_144\bin\server\jvm.dll
0x00007fff4cab0000 - 0x00007fff4cab8000 	C:\WINDOWS\System32\PSAPI.DLL
0x00007fff294c0000 - 0x00007fff294c9000 	C:\WINDOWS\SYSTEM32\WSOCK32.dll
0x00007fff4cb80000 - 0x00007fff4cbec000 	C:\WINDOWS\System32\WS2_32.dll
0x00007fff46e80000 - 0x00007fff46ea3000 	C:\WINDOWS\SYSTEM32\WINMM.dll
0x00007fff40790000 - 0x00007fff4079a000 	C:\WINDOWS\SYSTEM32\VERSION.dll
0x00007fff46e50000 - 0x00007fff46e7a000 	C:\WINDOWS\SYSTEM32\WINMMBASE.dll
0x00007fff4b430000 - 0x00007fff4b479000 	C:\WINDOWS\System32\cfgmgr32.dll
0x000000005ca00000 - 0x000000005ca0f000 	C:\Program Files\Java\jre1.8.0_144\bin\verify.dll
0x000000005c9d0000 - 0x000000005c9f9000 	C:\Program Files\Java\jre1.8.0_144\bin\java.dll
0x000000005c9b0000 - 0x000000005c9c6000 	C:\Program Files\Java\jre1.8.0_144\bin\zip.dll

VM Arguments:
jvm_args: -Dfile.encoding=Cp1252 
java_command: Main
java_class_path (initial): C:\Users\luggi\Documents\Schule\4aHWII\SWP\Abgaben\Draxl_Sort\DraxlSort\bin
Launcher Type: SUN_STANDARD

Environment Variables:
PATH=C:/Program Files/Java/jre1.8.0_144/bin/server;C:/Program Files/Java/jre1.8.0_144/bin;C:/Program Files/Java/jre1.8.0_144/lib/amd64;C:\Program Files (x86)\NVIDIA Corporation\PhysX\Common;C:\ProgramData\Oracle\Java\javapath;C:\Program Files (x86)\Intel\iCLS Client\;C:\Program Files\Intel\iCLS Client\;C:\WINDOWS\system32;C:\WINDOWS;C:\WINDOWS\System32\Wbem;C:\WINDOWS\System32\WindowsPowerShell\v1.0\;C:\Program Files (x86)\Intel\Intel(R) Management Engine Components\DAL;C:\Program Files\Intel\Intel(R) Management Engine Components\DAL;C:\Program Files (x86)\Intel\Intel(R) Management Engine Components\IPT;C:\Program Files\Intel\Intel(R) Management Engine Components\IPT;C:\Program Files\Intel\WiFi\bin\;C:\Program Files\Common Files\Intel\WirelessCommon\;C:\Program Files\Java\jdk1.8.0_144\bin;C:\WINDOWS\System32\OpenSSH\;C:\Program Files\Git\cmd;C:\Users\luggi\AppData\Local\Microsoft\WindowsApps;C:\Users\luggi\AppData\Local\Programs\MiKTeX 2.9\miktex\bin\x64\;C:\Users\luggi\AppData\Local\Programs\Python\Python37-32;;C:\Users\luggi\Documents\eclipse-jee-neon-3-win32-x86_64\eclipse;
USERNAME=luggi
OS=Windows_NT
PROCESSOR_IDENTIFIER=Intel64 Family 6 Model 61 Stepping 4, GenuineIntel



---------------  S Y S T E M  ---------------

OS: Windows 10.0 , 64 bit Build 17134 (10.0.17134.1)

CPU:total 4 (initial active 4) (2 cores per cpu, 2 threads per core) family 6 model 61 stepping 4, cmov, cx8, fxsr, mmx, sse, sse2, sse3, ssse3, sse4.1, sse4.2, popcnt, avx, avx2, aes, clmul, erms, 3dnowpref, lzcnt, ht, tsc, tscinvbit, bmi1, bmi2, adx

Memory: 4k page, physical 8292268k(2235528k free), swap 13544392k(5728k free)

vm_info: Java HotSpot(TM) 64-Bit Server VM (25.144-b01) for windows-amd64 JRE (1.8.0_144-b01), built on Jul 21 2017 21:57:33 by "java_re" with MS VC++ 10.0 (VS2010)

time: Thu Oct 18 16:35:01 2018
elapsed time: 0 seconds (0d 0h 0m 0s)

